<?xml version="1.0" encoding="UTF-8"?>
<testsuite name="academy.learnprogramming.bbbms.bbbms.BbBmsApplicationTests" tests="1" skipped="0" failures="0" errors="0" timestamp="2021-11-18T07:44:55" hostname="LAPTOP-SCOFSSBF" time="1.14">
  <properties/>
  <testcase name="contextLoads()" classname="academy.learnprogramming.bbbms.bbbms.BbBmsApplicationTests" time="1.14"/>
  <system-out><![CDATA[07:44:49.839 [Test worker] DEBUG org.springframework.test.context.BootstrapUtils - Instantiating CacheAwareContextLoaderDelegate from class [org.springframework.test.context.cache.DefaultCacheAwareContextLoaderDelegate]
07:44:49.864 [Test worker] DEBUG org.springframework.test.context.BootstrapUtils - Instantiating BootstrapContext using constructor [public org.springframework.test.context.support.DefaultBootstrapContext(java.lang.Class,org.springframework.test.context.CacheAwareContextLoaderDelegate)]
07:44:49.945 [Test worker] DEBUG org.springframework.test.context.BootstrapUtils - Instantiating TestContextBootstrapper for test class [academy.learnprogramming.bbbms.bbbms.BbBmsApplicationTests] from class [org.springframework.boot.test.context.SpringBootTestContextBootstrapper]
07:44:49.975 [Test worker] INFO org.springframework.boot.test.context.SpringBootTestContextBootstrapper - Neither @ContextConfiguration nor @ContextHierarchy found for test class [academy.learnprogramming.bbbms.bbbms.BbBmsApplicationTests], using SpringBootContextLoader
07:44:49.984 [Test worker] DEBUG org.springframework.test.context.support.AbstractContextLoader - Did not detect default resource location for test class [academy.learnprogramming.bbbms.bbbms.BbBmsApplicationTests]: class path resource [academy/learnprogramming/bbbms/bbbms/BbBmsApplicationTests-context.xml] does not exist
07:44:49.985 [Test worker] DEBUG org.springframework.test.context.support.AbstractContextLoader - Did not detect default resource location for test class [academy.learnprogramming.bbbms.bbbms.BbBmsApplicationTests]: class path resource [academy/learnprogramming/bbbms/bbbms/BbBmsApplicationTestsContext.groovy] does not exist
07:44:49.986 [Test worker] INFO org.springframework.test.context.support.AbstractContextLoader - Could not detect default resource locations for test class [academy.learnprogramming.bbbms.bbbms.BbBmsApplicationTests]: no resource found for suffixes {-context.xml, Context.groovy}.
07:44:49.988 [Test worker] INFO org.springframework.test.context.support.AnnotationConfigContextLoaderUtils - Could not detect default configuration classes for test class [academy.learnprogramming.bbbms.bbbms.BbBmsApplicationTests]: BbBmsApplicationTests does not declare any static, non-private, non-final, nested classes annotated with @Configuration.
07:44:50.102 [Test worker] DEBUG org.springframework.test.context.support.ActiveProfilesUtils - Could not find an 'annotation declaring class' for annotation type [org.springframework.test.context.ActiveProfiles] and class [academy.learnprogramming.bbbms.bbbms.BbBmsApplicationTests]
07:44:50.240 [Test worker] DEBUG org.springframework.context.annotation.ClassPathScanningCandidateComponentProvider - Identified candidate component class: file [C:\Users\HuGoo\Desktop\Spring\bb-bms\build\classes\java\main\academy\learnprogramming\bbbms\BbBmsApplication.class]
07:44:50.242 [Test worker] INFO org.springframework.boot.test.context.SpringBootTestContextBootstrapper - Found @SpringBootConfiguration academy.learnprogramming.bbbms.BbBmsApplication for test class academy.learnprogramming.bbbms.bbbms.BbBmsApplicationTests
07:44:50.508 [Test worker] DEBUG org.springframework.boot.test.context.SpringBootTestContextBootstrapper - @TestExecutionListeners is not present for class [academy.learnprogramming.bbbms.bbbms.BbBmsApplicationTests]: using defaults.
07:44:50.509 [Test worker] INFO org.springframework.boot.test.context.SpringBootTestContextBootstrapper - Loaded default TestExecutionListener class names from location [META-INF/spring.factories]: [org.springframework.boot.test.autoconfigure.restdocs.RestDocsTestExecutionListener, org.springframework.boot.test.autoconfigure.web.client.MockRestServiceServerResetTestExecutionListener, org.springframework.boot.test.autoconfigure.web.servlet.MockMvcPrintOnlyOnFailureTestExecutionListener, org.springframework.boot.test.autoconfigure.web.servlet.WebDriverTestExecutionListener, org.springframework.boot.test.autoconfigure.webservices.client.MockWebServiceServerTestExecutionListener, org.springframework.boot.test.mock.mockito.MockitoTestExecutionListener, org.springframework.boot.test.mock.mockito.ResetMocksTestExecutionListener, org.springframework.test.context.web.ServletTestExecutionListener, org.springframework.test.context.support.DirtiesContextBeforeModesTestExecutionListener, org.springframework.test.context.event.ApplicationEventsTestExecutionListener, org.springframework.test.context.support.DependencyInjectionTestExecutionListener, org.springframework.test.context.support.DirtiesContextTestExecutionListener, org.springframework.test.context.transaction.TransactionalTestExecutionListener, org.springframework.test.context.jdbc.SqlScriptsTestExecutionListener, org.springframework.test.context.event.EventPublishingTestExecutionListener]
07:44:50.541 [Test worker] DEBUG org.springframework.boot.test.context.SpringBootTestContextBootstrapper - Skipping candidate TestExecutionListener [org.springframework.test.context.transaction.TransactionalTestExecutionListener] due to a missing dependency. Specify custom listener classes or make the default listener classes and their required dependencies available. Offending class: [org/springframework/transaction/interceptor/TransactionAttributeSource]
07:44:50.542 [Test worker] DEBUG org.springframework.boot.test.context.SpringBootTestContextBootstrapper - Skipping candidate TestExecutionListener [org.springframework.test.context.jdbc.SqlScriptsTestExecutionListener] due to a missing dependency. Specify custom listener classes or make the default listener classes and their required dependencies available. Offending class: [org/springframework/transaction/interceptor/TransactionAttribute]
07:44:50.543 [Test worker] INFO org.springframework.boot.test.context.SpringBootTestContextBootstrapper - Using TestExecutionListeners: [org.springframework.test.context.web.ServletTestExecutionListener@38be305c, org.springframework.test.context.support.DirtiesContextBeforeModesTestExecutionListener@269f4bad, org.springframework.test.context.event.ApplicationEventsTestExecutionListener@5ed731d0, org.springframework.boot.test.mock.mockito.MockitoTestExecutionListener@3234f74e, org.springframework.boot.test.autoconfigure.SpringBootDependencyInjectionTestExecutionListener@7bc10d84, org.springframework.test.context.support.DirtiesContextTestExecutionListener@275fe372, org.springframework.test.context.event.EventPublishingTestExecutionListener@40e10ff8, org.springframework.boot.test.autoconfigure.restdocs.RestDocsTestExecutionListener@557a1e2d, org.springframework.boot.test.autoconfigure.web.client.MockRestServiceServerResetTestExecutionListener@26a4842b, org.springframework.boot.test.autoconfigure.web.servlet.MockMvcPrintOnlyOnFailureTestExecutionListener@7e38a7fe, org.springframework.boot.test.autoconfigure.web.servlet.WebDriverTestExecutionListener@366ef90e, org.springframework.boot.test.autoconfigure.webservices.client.MockWebServiceServerTestExecutionListener@33e01298, org.springframework.boot.test.mock.mockito.ResetMocksTestExecutionListener@31e75d13]
07:44:50.586 [Test worker] DEBUG org.springframework.test.context.support.AbstractDirtiesContextTestExecutionListener - Before test class: context [DefaultTestContext@56f6d40b testClass = BbBmsApplicationTests, testInstance = [null], testMethod = [null], testException = [null], mergedContextConfiguration = [WebMergedContextConfiguration@36676c1a testClass = BbBmsApplicationTests, locations = '{}', classes = '{class academy.learnprogramming.bbbms.BbBmsApplication}', contextInitializerClasses = '[]', activeProfiles = '{}', propertySourceLocations = '{}', propertySourceProperties = '{org.springframework.boot.test.context.SpringBootTestContextBootstrapper=true}', contextCustomizers = set[org.springframework.boot.test.autoconfigure.actuate.metrics.MetricsExportContextCustomizerFactory$DisableMetricExportContextCustomizer@5d066c7d, org.springframework.boot.test.autoconfigure.properties.PropertyMappingContextCustomizer@0, org.springframework.boot.test.autoconfigure.web.servlet.WebDriverContextCustomizerFactory$Customizer@602e0143, org.springframework.boot.test.context.filter.ExcludeFilterContextCustomizer@34c01041, org.springframework.boot.test.json.DuplicateJsonObjectContextCustomizerFactory$DuplicateJsonObjectContextCustomizer@36328d33, org.springframework.boot.test.mock.mockito.MockitoContextCustomizer@0, org.springframework.boot.test.web.client.TestRestTemplateContextCustomizer@27eedb64, org.springframework.boot.test.context.SpringBootTestArgs@1, org.springframework.boot.test.context.SpringBootTestWebEnvironment@55536d9e], resourceBasePath = 'src/main/webapp', contextLoader = 'org.springframework.boot.test.context.SpringBootContextLoader', parent = [null]], attributes = map['org.springframework.test.context.web.ServletTestExecutionListener.activateListener' -> true]], class annotated with @DirtiesContext [false] with mode [null].
07:44:50.691 [Test worker] DEBUG org.springframework.test.context.support.TestPropertySourceUtils - Adding inlined properties to environment: {spring.jmx.enabled=false, org.springframework.boot.test.context.SpringBootTestContextBootstrapper=true}

  .   ____          _            __ _ _
 /\\ / ___'_ __ _ _(_)_ __  __ _ \ \ \ \
( ( )\___ | '_ | '_| | '_ \/ _` | \ \ \ \
 \\/  ___)| |_)| | | | | || (_| |  ) ) ) )
  '  |____| .__|_| |_|_| |_\__, | / / / /
 =========|_|==============|___/=/_/_/_/
 :: Spring Boot ::                (v2.5.6)

2021-11-18 07:44:51.857  INFO 1688 --- [    Test worker] a.l.bbbms.bbbms.BbBmsApplicationTests    : Starting BbBmsApplicationTests using Java 17.0.1 on LAPTOP-SCOFSSBF with PID 1688 (started by HuGoo in C:\Users\HuGoo\Desktop\Spring\bb-bms)
2021-11-18 07:44:51.873 DEBUG 1688 --- [    Test worker] a.l.bbbms.bbbms.BbBmsApplicationTests    : Running with Spring Boot v2.5.6, Spring v5.3.12
2021-11-18 07:44:51.878  INFO 1688 --- [    Test worker] a.l.bbbms.bbbms.BbBmsApplicationTests    : No active profile set, falling back to default profiles: default
2021-11-18 07:44:55.531  INFO 1688 --- [    Test worker] a.l.bbbms.bbbms.BbBmsApplicationTests    : Started BbBmsApplicationTests in 4.823 seconds (JVM running for 7.77)
]]></system-out>
  <system-err><![CDATA[]]></system-err>
</testsuite>
